# JRE version: OpenJDK Runtime Environment Temurin-17.0.6+10 (17.0.6+10) (build 17.0.6+10)
# Java VM: OpenJDK 64-Bit Server VM Temurin-17.0.6+10 (17.0.6+10, mixed mode, tiered, compressed oops, compressed class ptrs, parallel gc, windows-amd64)
GC Precious Log:
 CPUs: 4 total, 4 available
 Memory: 3278M
 Large Page Support: Disabled
 NUMA Support: Disabled
 Compressed Oops: Enabled (32-bit)
 Alignments: Space 512K, Generation 512K, Heap 2M
 Heap Min Capacity: 100M
 Heap Initial Capacity: 100M
 Heap Max Capacity: 1G
 Pre-touch: Disabled
 Parallel Workers: 4
Heap:
 PSYoungGen      total 5120K, used 997K [0x00000000eab00000, 0x00000000ebb00000, 0x0000000100000000)
  eden space 4096K, 0% used [0x00000000eab00000,0x00000000eab00000,0x00000000eaf00000)
  from space 1024K, 97% used [0x00000000eb400000,0x00000000eb4f9790,0x00000000eb500000)
  to   space 5120K, 0% used [0x00000000eaf00000,0x00000000eaf00000,0x00000000eb400000)
 ParOldGen       total 228864K, used 228432K [0x00000000c0000000, 0x00000000cdf80000, 0x00000000eab00000)
  object space 228864K, 99% used [0x00000000c0000000,0x00000000cdf140d8,0x00000000cdf80000)
 Metaspace       used 92341K, committed 93440K, reserved 1138688K
  class space    used 8902K, committed 9344K, reserved 1048576K
GC Heap History (20 events):
Event: 5992.294 GC heap after
{Heap after GC invocations=13658 (full 339):
 PSYoungGen      total 9728K, used 3128K [0x00000000eab00000, 0x00000000eba00000, 0x0000000100000000)
  eden space 6144K, 0% used [0x00000000eab00000,0x00000000eab00000,0x00000000eb100000)
  from space 3584K, 87% used [0x00000000eb400000,0x00000000eb70e010,0x00000000eb780000)
  to   space 2560K, 0% used [0x00000000eb780000,0x00000000eb780000,0x00000000eba00000)
 ParOldGen       total 226816K, used 222435K [0x00000000c0000000, 0x00000000cdd80000, 0x00000000eab00000)
  object space 226816K, 98% used [0x00000000c0000000,0x00000000cd938ed8,0x00000000cdd80000)
 Metaspace       used 92341K, committed 93440K, reserved 1138688K
  class space    used 8902K, committed 9344K, reserved 1048576K
}
Event: 5992.325 GC heap before
{Heap before GC invocations=13659 (full 339):
 PSYoungGen      total 9728K, used 9272K [0x00000000eab00000, 0x00000000eba00000, 0x0000000100000000)
  eden space 6144K, 100% used [0x00000000eab00000,0x00000000eb100000,0x00000000eb100000)
  from space 3584K, 87% used [0x00000000eb400000,0x00000000eb70e010,0x00000000eb780000)
  to   space 2560K, 0% used [0x00000000eb780000,0x00000000eb780000,0x00000000eba00000)
 ParOldGen       total 226816K, used 222435K [0x00000000c0000000, 0x00000000cdd80000, 0x00000000eab00000)
  object space 226816K, 98% used [0x00000000c0000000,0x00000000cd938ed8,0x00000000cdd80000)
 Metaspace       used 92341K, committed 93440K, reserved 1138688K
  class space    used 8902K, committed 9344K, reserved 1048576K
}
Event: 5992.330 GC heap after
{Heap after GC invocations=13659 (full 339):
 PSYoungGen      total 8704K, used 2552K [0x00000000eab00000, 0x00000000eba00000, 0x0000000100000000)
  eden space 6144K, 0% used [0x00000000eab00000,0x00000000eab00000,0x00000000eb100000)
  from space 2560K, 99% used [0x00000000eb780000,0x00000000eb9fe010,0x00000000eba00000)
  to   space 3584K, 0% used [0x00000000eb300000,0x00000000eb300000,0x00000000eb680000)
 ParOldGen       total 226816K, used 222859K [0x00000000c0000000, 0x00000000cdd80000, 0x00000000eab00000)
  object space 226816K, 98% used [0x00000000c0000000,0x00000000cd9a2ef8,0x00000000cdd80000)
 Metaspace       used 92341K, committed 93440K, reserved 1138688K
  class space    used 8902K, committed 9344K, reserved 1048576K
}
Event: 5992.731 GC heap before
{Heap before GC invocations=13660 (full 339):
 PSYoungGen      total 8704K, used 8695K [0x00000000eab00000, 0x00000000eba00000, 0x0000000100000000)
  eden space 6144K, 99% used [0x00000000eab00000,0x00000000eb0ffec8,0x00000000eb100000)
  from space 2560K, 99% used [0x00000000eb780000,0x00000000eb9fe010,0x00000000eba00000)
  to   space 3584K, 0% used [0x00000000eb300000,0x00000000eb300000,0x00000000eb680000)
 ParOldGen       total 226816K, used 222859K [0x00000000c0000000, 0x00000000cdd80000, 0x00000000eab00000)
  object space 226816K, 98% used [0x00000000c0000000,0x00000000cd9a2ef8,0x00000000cdd80000)
 Metaspace       used 92341K, committed 93440K, reserved 1138688K
  class space    used 8902K, committed 9344K, reserved 1048576K
}
Event: 5992.737 GC heap after
{Heap after GC invocations=13660 (full 339):
 PSYoungGen      total 9216K, used 2616K [0x00000000eab00000, 0x00000000eb800000, 0x0000000100000000)
  eden space 6144K, 0% used [0x00000000eab00000,0x00000000eab00000,0x00000000eb100000)
  from space 3072K, 85% used [0x00000000eb300000,0x00000000eb58e010,0x00000000eb600000)
  to   space 2048K, 0% used [0x00000000eb600000,0x00000000eb600000,0x00000000eb800000)
 ParOldGen       total 226816K, used 223074K [0x00000000c0000000, 0x00000000cdd80000, 0x00000000eab00000)
  object space 226816K, 98% used [0x00000000c0000000,0x00000000cd9d8958,0x00000000cdd80000)
 Metaspace       used 92341K, committed 93440K, reserved 1138688K
  class space    used 8902K, committed 9344K, reserved 1048576K
}
Event: 5992.772 GC heap before
{Heap before GC invocations=13661 (full 339):
 PSYoungGen      total 9216K, used 7096K [0x00000000eab00000, 0x00000000eb800000, 0x0000000100000000)
  eden space 6144K, 72% used [0x00000000eab00000,0x00000000eaf60278,0x00000000eb100000)
  from space 3072K, 85% used [0x00000000eb300000,0x00000000eb58e010,0x00000000eb600000)
  to   space 2048K, 0% used [0x00000000eb600000,0x00000000eb600000,0x00000000eb800000)
 ParOldGen       total 226816K, used 223074K [0x00000000c0000000, 0x00000000cdd80000, 0x00000000eab00000)
  object space 226816K, 98% used [0x00000000c0000000,0x00000000cd9d8958,0x00000000cdd80000)
 Metaspace       used 92341K, committed 93440K, reserved 1138688K
  class space    used 8902K, committed 9344K, reserved 1048576K
}
Event: 5992.775 GC heap after
{Heap after GC invocations=13661 (full 339):
 PSYoungGen      total 8192K, used 2016K [0x00000000eab00000, 0x00000000eb800000, 0x0000000100000000)
  eden space 6144K, 0% used [0x00000000eab00000,0x00000000eab00000,0x00000000eb100000)
  from space 2048K, 98% used [0x00000000eb600000,0x00000000eb7f8200,0x00000000eb800000)
  to   space 3072K, 0% used [0x00000000eb200000,0x00000000eb200000,0x00000000eb500000)
 ParOldGen       total 226816K, used 223642K [0x00000000c0000000, 0x00000000cdd80000, 0x00000000eab00000)
  object space 226816K, 98% used [0x00000000c0000000,0x00000000cda66958,0x00000000cdd80000)
 Metaspace       used 92341K, committed 93440K, reserved 1138688K
  class space    used 8902K, committed 9344K, reserved 1048576K
}
Event: 5993.309 GC heap before
{Heap before GC invocations=13662 (full 339):
 PSYoungGen      total 8192K, used 8160K [0x00000000eab00000, 0x00000000eb800000, 0x0000000100000000)
  eden space 6144K, 100% used [0x00000000eab00000,0x00000000eb100000,0x00000000eb100000)
  from space 2048K, 98% used [0x00000000eb600000,0x00000000eb7f8200,0x00000000eb800000)
  to   space 3072K, 0% used [0x00000000eb200000,0x00000000eb200000,0x00000000eb500000)
 ParOldGen       total 226816K, used 223642K [0x00000000c0000000, 0x00000000cdd80000, 0x00000000eab00000)
  object space 226816K, 98% used [0x00000000c0000000,0x00000000cda66958,0x00000000cdd80000)
 Metaspace       used 92341K, committed 93440K, reserved 1138688K
  class space    used 8902K, committed 9344K, reserved 1048576K
}
Event: 5993.317 GC heap after
{Heap after GC invocations=13662 (full 339):
 PSYoungGen      total 9216K, used 853K [0x00000000eab00000, 0x00000000eb680000, 0x0000000100000000)
  eden space 6144K, 0% used [0x00000000eab00000,0x00000000eab00000,0x00000000eb100000)
  from space 3072K, 27% used [0x00000000eb200000,0x00000000eb2d5780,0x00000000eb500000)
  to   space 1536K, 0% used [0x00000000eb500000,0x00000000eb500000,0x00000000eb680000)
 ParOldGen       total 226816K, used 224754K [0x00000000c0000000, 0x00000000cdd80000, 0x00000000eab00000)
  object space 226816K, 99% used [0x00000000c0000000,0x00000000cdb7c958,0x00000000cdd80000)
 Metaspace       used 92341K, committed 93440K, reserved 1138688K
  class space    used 8902K, committed 9344K, reserved 1048576K
}
Event: 5993.422 GC heap before
{Heap before GC invocations=13663 (full 339):
 PSYoungGen      total 9216K, used 6997K [0x00000000eab00000, 0x00000000eb680000, 0x0000000100000000)
  eden space 6144K, 99% used [0x00000000eab00000,0x00000000eb0fffe8,0x00000000eb100000)
  from space 3072K, 27% used [0x00000000eb200000,0x00000000eb2d5780,0x00000000eb500000)
  to   space 1536K, 0% used [0x00000000eb500000,0x00000000eb500000,0x00000000eb680000)
 ParOldGen       total 226816K, used 224754K [0x00000000c0000000, 0x00000000cdd80000, 0x00000000eab00000)
  object space 226816K, 99% used [0x00000000c0000000,0x00000000cdb7c958,0x00000000cdd80000)
 Metaspace       used 92341K, committed 93440K, reserved 1138688K
  class space    used 8902K, committed 9344K, reserved 1048576K
}
Event: 5993.425 GC heap after
{Heap after GC invocations=13663 (full 339):
 PSYoungGen      total 7168K, used 1013K [0x00000000eab00000, 0x00000000eb600000, 0x0000000100000000)
  eden space 6144K, 0% used [0x00000000eab00000,0x00000000eab00000,0x00000000eb100000)
  from space 1024K, 99% used [0x00000000eb500000,0x00000000eb5fd780,0x00000000eb600000)
  to   space 1536K, 0% used [0x00000000eb300000,0x00000000eb300000,0x00000000eb480000)
 ParOldGen       total 226816K, used 224754K [0x00000000c0000000, 0x00000000cdd80000, 0x00000000eab00000)
  object space 226816K, 99% used [0x00000000c0000000,0x00000000cdb7c958,0x00000000cdd80000)
 Metaspace       used 92341K, committed 93440K, reserved 1138688K
  class space    used 8902K, committed 9344K, reserved 1048576K
}
Event: 5993.453 GC heap before
{Heap before GC invocations=13664 (full 339):
 PSYoungGen      total 7168K, used 7157K [0x00000000eab00000, 0x00000000eb600000, 0x0000000100000000)
  eden space 6144K, 100% used [0x00000000eab00000,0x00000000eb100000,0x00000000eb100000)
  from space 1024K, 99% used [0x00000000eb500000,0x00000000eb5fd780,0x00000000eb600000)
  to   space 1536K, 0% used [0x00000000eb300000,0x00000000eb300000,0x00000000eb480000)
 ParOldGen       total 226816K, used 224754K [0x00000000c0000000, 0x00000000cdd80000, 0x00000000eab00000)
  object space 226816K, 99% used [0x00000000c0000000,0x00000000cdb7c958,0x00000000cdd80000)
 Metaspace       used 92341K, committed 93440K, reserved 1138688K
  class space    used 8902K, committed 9344K, reserved 1048576K
}
Event: 5993.455 GC heap after
{Heap after GC invocations=13664 (full 339):
 PSYoungGen      total 7680K, used 1109K [0x00000000eab00000, 0x00000000eb580000, 0x0000000100000000)
  eden space 6144K, 0% used [0x00000000eab00000,0x00000000eab00000,0x00000000eb100000)
  from space 1536K, 72% used [0x00000000eb300000,0x00000000eb4157a0,0x00000000eb480000)
  to   space 1024K, 0% used [0x00000000eb480000,0x00000000eb480000,0x00000000eb580000)
 ParOldGen       total 226816K, used 224754K [0x00000000c0000000, 0x00000000cdd80000, 0x00000000eab00000)
  object space 226816K, 99% used [0x00000000c0000000,0x00000000cdb7c958,0x00000000cdd80000)
 Metaspace       used 92341K, committed 93440K, reserved 1138688K
  class space    used 8902K, committed 9344K, reserved 1048576K
}
Event: 5993.496 GC heap before
{Heap before GC invocations=13665 (full 339):
 PSYoungGen      total 7680K, used 7253K [0x00000000eab00000, 0x00000000eb580000, 0x0000000100000000)
  eden space 6144K, 100% used [0x00000000eab00000,0x00000000eb100000,0x00000000eb100000)
  from space 1536K, 72% used [0x00000000eb300000,0x00000000eb4157a0,0x00000000eb480000)
  to   space 1024K, 0% used [0x00000000eb480000,0x00000000eb480000,0x00000000eb580000)
 ParOldGen       total 226816K, used 224754K [0x00000000c0000000, 0x00000000cdd80000, 0x00000000eab00000)
  object space 226816K, 99% used [0x00000000c0000000,0x00000000cdb7c958,0x00000000cdd80000)
 Metaspace       used 92341K, committed 93440K, reserved 1138688K
  class space    used 8902K, committed 9344K, reserved 1048576K
}
Event: 5993.498 GC heap after
{Heap after GC invocations=13665 (full 339):
 PSYoungGen      total 7168K, used 997K [0x00000000eab00000, 0x00000000eb580000, 0x0000000100000000)
  eden space 6144K, 0% used [0x00000000eab00000,0x00000000eab00000,0x00000000eb100000)
  from space 1024K, 97% used [0x00000000eb480000,0x00000000eb579790,0x00000000eb580000)
  to   space 1536K, 0% used [0x00000000eb280000,0x00000000eb280000,0x00000000eb400000)
 ParOldGen       total 226816K, used 224906K [0x00000000c0000000, 0x00000000cdd80000, 0x00000000eab00000)
  object space 226816K, 99% used [0x00000000c0000000,0x00000000cdba2958,0x00000000cdd80000)
 Metaspace       used 92341K, committed 93440K, reserved 1138688K
  class space    used 8902K, committed 9344K, reserved 1048576K
}
Event: 5993.552 GC heap before
{Heap before GC invocations=13666 (full 339):
 PSYoungGen      total 7168K, used 7141K [0x00000000eab00000, 0x00000000eb580000, 0x0000000100000000)
  eden space 6144K, 100% used [0x00000000eab00000,0x00000000eb100000,0x00000000eb100000)
  from space 1024K, 97% used [0x00000000eb480000,0x00000000eb579790,0x00000000eb580000)
  to   space 1536K, 0% used [0x00000000eb280000,0x00000000eb280000,0x00000000eb400000)
 ParOldGen       total 226816K, used 224906K [0x00000000c0000000, 0x00000000cdd80000, 0x00000000eab00000)
  object space 226816K, 99% used [0x00000000c0000000,0x00000000cdba2958,0x00000000cdd80000)
 Metaspace       used 92341K, committed 93440K, reserved 1138688K
  class space    used 8902K, committed 9344K, reserved 1048576K
}
Event: 5993.555 GC heap after
{Heap after GC invocations=13666 (full 339):
 PSYoungGen      total 7680K, used 1317K [0x00000000eab00000, 0x00000000eb500000, 0x0000000100000000)
  eden space 6144K, 0% used [0x00000000eab00000,0x00000000eab00000,0x00000000eb100000)
  from space 1536K, 85% used [0x00000000eb280000,0x00000000eb3c9790,0x00000000eb400000)
  to   space 1024K, 0% used [0x00000000eb400000,0x00000000eb400000,0x00000000eb500000)
 ParOldGen       total 226816K, used 224906K [0x00000000c0000000, 0x00000000cdd80000, 0x00000000eab00000)
  object space 226816K, 99% used [0x00000000c0000000,0x00000000cdba2958,0x00000000cdd80000)
 Metaspace       used 92341K, committed 93440K, reserved 1138688K
  class space    used 8902K, committed 9344K, reserved 1048576K
}
Event: 5993.596 GC heap before
{Heap before GC invocations=13667 (full 339):
 PSYoungGen      total 7680K, used 7461K [0x00000000eab00000, 0x00000000eb500000, 0x0000000100000000)
  eden space 6144K, 100% used [0x00000000eab00000,0x00000000eb100000,0x00000000eb100000)
  from space 1536K, 85% used [0x00000000eb280000,0x00000000eb3c9790,0x00000000eb400000)
  to   space 1024K, 0% used [0x00000000eb400000,0x00000000eb400000,0x00000000eb500000)
 ParOldGen       total 226816K, used 224906K [0x00000000c0000000, 0x00000000cdd80000, 0x00000000eab00000)
  object space 226816K, 99% used [0x00000000c0000000,0x00000000cdba2958,0x00000000cdd80000)
 Metaspace       used 92341K, committed 93440K, reserved 1138688K
  class space    used 8902K, committed 9344K, reserved 1048576K
}
Event: 5993.604 GC heap after
{Heap after GC invocations=13667 (full 339):
 PSYoungGen      total 5120K, used 997K [0x00000000eab00000, 0x00000000ebb00000, 0x0000000100000000)
  eden space 4096K, 0% used [0x00000000eab00000,0x00000000eab00000,0x00000000eaf00000)
  from space 1024K, 97% used [0x00000000eb400000,0x00000000eb4f9790,0x00000000eb500000)
  to   space 5120K, 0% used [0x00000000eaf00000,0x00000000eaf00000,0x00000000eb400000)
 ParOldGen       total 228864K, used 228432K [0x00000000c0000000, 0x00000000cdf80000, 0x00000000eab00000)
  object space 228864K, 99% used [0x00000000c0000000,0x00000000cdf140d8,0x00000000cdf80000)
 Metaspace       used 92341K, committed 93440K, reserved 1138688K
  class space    used 8902K, committed 9344K, reserved 1048576K
}
Event: 5993.604 GC heap before
{Heap before GC invocations=13668 (full 340):
 PSYoungGen      total 5120K, used 997K [0x00000000eab00000, 0x00000000ebb00000, 0x0000000100000000)
  eden space 4096K, 0% used [0x00000000eab00000,0x00000000eab00000,0x00000000eaf00000)
  from space 1024K, 97% used [0x00000000eb400000,0x00000000eb4f9790,0x00000000eb500000)
  to   space 5120K, 0% used [0x00000000eaf00000,0x00000000eaf00000,0x00000000eb400000)
 ParOldGen       total 228864K, used 228432K [0x00000000c0000000, 0x00000000cdf80000, 0x00000000eab00000)
  object space 228864K, 99% used [0x00000000c0000000,0x00000000cdf140d8,0x00000000cdf80000)
 Metaspace       used 92341K, committed 93440K, reserved 1138688K
  class space    used 8902K, committed 9344K, reserved 1048576K
}

